14:06:49.875 INFO  c.e.secretsanta.aop.LoggingAspect - Aspect is initialized
14:07:03.597 INFO  c.e.secretsanta.aop.LoggingAspect - Called method createUser() with args: [User(id=null, name=Elisaveta, email=elishvvv@mail.ru, password=mur3456, forms=null, masterRooms=null, mySantaForm=null, rooms=null)]
14:07:03.644 INFO  c.e.secretsanta.aop.LoggingAspect - Method createUser is returned with value: User(id=1, name=Elisaveta, email=elishvvv@mail.ru, password=mur3456, forms=null, masterRooms=null, mySantaForm=null, rooms=null)
14:07:14.750 INFO  c.e.secretsanta.aop.LoggingAspect - Called method createUser() with args: [User(id=null, name=Kate, email=lalakate@mail.ru, password=fe874, forms=null, masterRooms=null, mySantaForm=null, rooms=null)]
14:07:14.753 INFO  c.e.secretsanta.aop.LoggingAspect - Method createUser is returned with value: User(id=2, name=Kate, email=lalakate@mail.ru, password=fe874, forms=null, masterRooms=null, mySantaForm=null, rooms=null)
14:07:31.460 INFO  c.e.secretsanta.aop.LoggingAspect - Called method createUser() with args: [User(id=null, name=Ivan, email=genius@mail.ru, password=sdqwd82, forms=null, masterRooms=null, mySantaForm=null, rooms=null)]
14:07:31.462 INFO  c.e.secretsanta.aop.LoggingAspect - Method createUser is returned with value: User(id=3, name=Ivan, email=genius@mail.ru, password=sdqwd82, forms=null, masterRooms=null, mySantaForm=null, rooms=null)
14:07:37.843 INFO  c.e.secretsanta.aop.LoggingAspect - Called method createRoom() with args: [Room(id=null, master=User(id=1, name=null, email=null, password=null, forms=null, masterRooms=null, mySantaForm=null, rooms=null), forms=null, users=null)]
14:07:37.895 INFO  c.e.secretsanta.aop.LoggingAspect - Method createRoom is returned with value: [FAILED toString()]
14:08:01.428 INFO  c.e.secretsanta.aop.LoggingAspect - Called method createForm() with args: [Form(id=null, user=User(id=1, name=null, email=null, password=null, forms=null, masterRooms=null, mySantaForm=null, rooms=null), room=Room(id=6, master=null, forms=null, users=null), letter=edfoop, receiver=null)]
14:08:01.443 INFO  c.e.secretsanta.aop.LoggingAspect - Method createForm is returned with value: [FAILED toString()]
14:08:10.995 INFO  c.e.secretsanta.aop.LoggingAspect - Called method createForm() with args: [Form(id=null, user=User(id=2, name=null, email=null, password=null, forms=null, masterRooms=null, mySantaForm=null, rooms=null), room=Room(id=6, master=null, forms=null, users=null), letter=xokaod, receiver=null)]
14:08:11.001 INFO  c.e.secretsanta.aop.LoggingAspect - Method createForm is returned with value: [FAILED toString()]
14:08:20.369 INFO  c.e.secretsanta.aop.LoggingAspect - Called method getUserById() with args: [10]
14:08:20.382 ERROR c.e.secretsanta.aop.LoggingAspect - In the method getUserById() throwed exception with message: There is no user with id=10
14:08:51.096 INFO  c.e.secretsanta.aop.LoggingAspect - Called method getUserById() with args: [1]
14:08:51.098 INFO  c.e.secretsanta.aop.LoggingAspect - Method getUserById is returned with value: [FAILED toString()]
14:08:57.391 INFO  c.e.secretsanta.aop.LoggingAspect - Called method getUserById() with args: [15]
14:08:57.393 ERROR c.e.secretsanta.aop.LoggingAspect - In the method getUserById() throwed exception with message: There is no user with id=15
14:09:37.687 INFO  c.e.secretsanta.aop.LoggingAspect - Called method createUser() with args: [User(id=null, name=, email=string, password=string, forms=null, masterRooms=null, mySantaForm=null, rooms=null)]
14:09:37.687 ERROR c.e.secretsanta.aop.LoggingAspect - In the method createUser() throwed exception with message: Wrong user name
14:14:37.957 INFO  c.e.secretsanta.aop.LoggingAspect - Called method createUser() with args: [User(id=null, name=, email=string, password=string, forms=null, masterRooms=null, mySantaForm=null, rooms=null)]
14:14:37.957 ERROR c.e.secretsanta.aop.LoggingAspect - In the method createUser() throwed exception with message: Wrong user name
14:14:57.714 INFO  c.e.secretsanta.aop.LoggingAspect - Called method getUserById() with args: [15]
14:14:57.717 ERROR c.e.secretsanta.aop.LoggingAspect - In the method getUserById() throwed exception with message: There is no user with id=15
14:18:29.676 INFO  c.e.secretsanta.aop.LoggingAspect - Called method createUser() with args: [User(id=null, name=, email=genius@mail.ru, password=sdqwd82, forms=null, masterRooms=null, mySantaForm=null, rooms=null)]
14:18:29.677 ERROR c.e.secretsanta.aop.LoggingAspect - In the method createUser() throwed exception with message: Wrong user name
14:21:24.965 INFO  c.e.secretsanta.aop.LoggingAspect - Called method createUser() with args: [User(id=null, name=, email=genius@mail.ru, password=sdqwd82, forms=null, masterRooms=null, mySantaForm=null, rooms=null)]
14:21:24.966 ERROR c.e.secretsanta.aop.LoggingAspect - In the method createUser() throwed exception with message: Wrong user name
14:21:42.155 INFO  c.e.secretsanta.aop.LoggingAspect - Called method createUser() with args: [User(id=null, name=, email=genius@mail.ru, password=sdqwd82, forms=null, masterRooms=null, mySantaForm=null, rooms=null)]
14:21:42.155 ERROR c.e.secretsanta.aop.LoggingAspect - In the method createUser() throwed exception with message: Wrong user name
14:21:52.113 INFO  c.e.secretsanta.aop.LoggingAspect - Called method getUserById() with args: [15]
14:21:52.123 ERROR c.e.secretsanta.aop.LoggingAspect - In the method getUserById() throwed exception with message: JDBC exception executing SQL [select u1_0.id,u1_0.email,msf1_0.id,msf1_0.letter,r1_0.id,m1_0.id,m1_0.email,m1_0.name,m1_0.password,u2_0.id,u2_0.email,u2_0.name,u2_0.password,u1_0.name,u1_0.password from users u1_0 left join forms msf1_0 on u1_0.id=msf1_0.receiver_id left join rooms r1_0 on r1_0.id=msf1_0.room_id left join users m1_0 on m1_0.id=r1_0.master_id left join users u2_0 on u2_0.id=msf1_0.user_id where u1_0.id=?] [ОШИБКА: отношение "users" не существует
  Позиция: 174] [n/a]; SQL [n/a]
14:27:03.261 INFO  c.e.secretsanta.aop.LoggingAspect - Aspect is destroyed
